<?xml version="1.0" encoding="UTF-8"?>
<!-- Generated by org.testng.reporters.JUnitXMLReporter -->
<testsuite ignored="0" hostname="INBook_X1" failures="0" tests="1" name="Test_fb" time="0.113" errors="0" timestamp="2024-09-03T13:44:52 IST">
  <testcase classname="browser.Setup" name="@BeforeClass beforeClass" time="0.015">
    <failure type="java.lang.NullPointerException" message="Cannot invoke &amp;quot;org.openqa.selenium.remote.RemoteWebDriver.manage()&amp;quot; because &amp;quot;this.driver&amp;quot; is null">
      <![CDATA[java.lang.NullPointerException: Cannot invoke "org.openqa.selenium.remote.RemoteWebDriver.manage()" because "this.driver" is null
at browser.Setup.beforeClass(Setup.java:14)
at java.base/java.util.ArrayList.forEach(ArrayList.java:1511)
... Removed 23 stack frames]]>
    </failure>
  </testcase> <!-- @BeforeClass beforeClass -->
  <testcase classname="browser.Setup" name="@AfterClass afterClass" time="0.0">
    <skipped/>
  </testcase> <!-- @AfterClass afterClass -->
  <testcase classname="execution.Test_execution" name="fblogin" time="0.0">
    <skipped/>
  </testcase> <!-- fblogin -->
</testsuite> <!-- Test_fb -->
